TN:
SF:__testFiles/AppReviews.jsx
FN:9,(anonymous_0)
FN:29,(anonymous_1)
FN:33,(anonymous_2)
FN:37,(anonymous_3)
FN:45,(anonymous_4)
FN:51,(anonymous_5)
FN:55,(anonymous_6)
FN:58,(anonymous_7)
FN:64,(anonymous_8)
FN:68,(anonymous_9)
FN:71,(anonymous_10)
FN:77,(anonymous_11)
FN:83,(anonymous_12)
FN:89,(anonymous_13)
FN:92,(anonymous_14)
FN:98,(anonymous_15)
FN:103,(anonymous_16)
FN:107,(anonymous_17)
FN:113,(anonymous_18)
FN:126,(anonymous_19)
FNF:20
FNH:15
FNDA:1,(anonymous_0)
FNDA:1,(anonymous_1)
FNDA:1,(anonymous_2)
FNDA:1,(anonymous_3)
FNDA:0,(anonymous_4)
FNDA:1,(anonymous_5)
FNDA:1,(anonymous_6)
FNDA:0,(anonymous_7)
FNDA:1,(anonymous_8)
FNDA:1,(anonymous_9)
FNDA:0,(anonymous_10)
FNDA:1,(anonymous_11)
FNDA:1,(anonymous_12)
FNDA:1,(anonymous_13)
FNDA:0,(anonymous_14)
FNDA:1,(anonymous_15)
FNDA:1,(anonymous_16)
FNDA:0,(anonymous_17)
FNDA:1,(anonymous_18)
FNDA:8,(anonymous_19)
DA:10,1
DA:11,1
DA:20,1
DA:21,1
DA:22,1
DA:23,1
DA:24,1
DA:25,1
DA:26,1
DA:30,1
DA:34,1
DA:38,1
DA:39,1
DA:40,1
DA:41,1
DA:42,1
DA:43,1
DA:46,0
DA:52,1
DA:56,1
DA:59,0
DA:65,1
DA:69,1
DA:72,0
DA:78,1
DA:84,1
DA:90,1
DA:93,0
DA:99,1
DA:104,1
DA:105,1
DA:108,0
DA:114,1
DA:115,1
DA:116,1
DA:117,4
DA:118,4
DA:121,1
DA:127,8
LF:39
LH:34
BRDA:122,0,0,1
BRDA:122,0,1,0
BRF:2
BRH:1
end_of_record
TN:
SF:client/src/components/WidgetContext.jsx
FN:7,postAnalytics
FN:18,(anonymous_1)
FN:21,(anonymous_2)
FN:26,getParentWidgetName
FN:39,analyticsClick
FN:65,(anonymous_5)
FN:67,(anonymous_6)
FNF:7
FNH:4
FNDA:0,postAnalytics
FNDA:0,(anonymous_1)
FNDA:0,(anonymous_2)
FNDA:2,getParentWidgetName
FNDA:1,analyticsClick
FNDA:8,(anonymous_5)
FNDA:35,(anonymous_6)
DA:5,1
DA:8,0
DA:13,0
DA:19,0
DA:22,0
DA:27,2
DA:28,0
DA:30,2
DA:31,1
DA:33,1
DA:34,1
DA:36,0
DA:40,1
DA:41,1
DA:42,1
DA:43,1
DA:44,1
DA:46,1
DA:47,1
DA:49,1
DA:50,0
DA:53,1
DA:54,1
DA:61,1
DA:66,8
DA:67,35
DA:72,8
LF:27
LH:20
BRDA:27,0,0,0
BRDA:27,0,1,2
BRDA:30,1,0,1
BRDA:30,1,1,1
BRDA:30,2,0,2
BRDA:30,2,1,2
BRDA:33,3,0,1
BRDA:33,3,1,0
BRDA:42,4,0,1
BRDA:42,4,1,0
BRDA:44,5,0,0
BRDA:44,5,1,1
BRDA:49,6,0,0
BRDA:49,6,1,1
BRDA:68,7,0,35
BRDA:68,7,1,0
BRF:16
BRH:10
end_of_record
TN:
SF:client/src/components/Reviews/Reviews.jsx
FN:8,(anonymous_0)
FN:22,(anonymous_1)
FN:28,(anonymous_2)
FN:31,(anonymous_3)
FNF:4
FNH:3
FNDA:1,(anonymous_0)
FNDA:0,(anonymous_1)
FNDA:8,(anonymous_2)
FNDA:8,(anonymous_3)
DA:9,1
DA:10,1
DA:13,1
DA:23,0
DA:24,0
DA:25,0
DA:29,8
DA:32,8
LF:8
LH:5
BRF:0
BRH:0
end_of_record
